================================================================
== Design Size Report
================================================================

* Total Instructions per Compilation Phase
+---------------+-----------------------------+--------------+----------------------------------------------------------------------------------------+
| Phase         | Step                        | Instructions | Description                                                                            |
+---------------+-----------------------------+--------------+----------------------------------------------------------------------------------------+
| Compile/Link  |                             |  18,749      | After all functions are compiled and linked into a single design                       |
|               |                             |              |                                                                                        |
| Unroll/Inline |                             |              | After user unroll and inline pragmas are applied                                       |
|               | (1) unroll                  | 445,065 *    | user unroll pragmas are applied                                                        |
|               | (2) simplification          | 123,980 *    | simplification of applied user unroll pragmas                                          |
|               | (3) inline                  | 123,624 *    | user inline pragmas are applied                                                        |
|               | (4) simplification          | 121,337 *    | simplification of applied user inline pragmas                                          |
|               |                             |              |                                                                                        |
| Array/Struct  |                             |              | After user array partition and struct aggregate/disaggregate pragmas are applied       |
|               | (1) array partition         |  84,596      | user array partition pragmas are applied                                               |
|               | (2) simplification          |  47,566      | simplification of applied user array partition & struct aggregate/disaggregate pragmas |
|               | (3) aggregate/disaggregate  |  47,621      | user struct aggregate/disaggregate pragmas are applied                                 |
|               | (4) array reshape           |  50,160      | apply array reshape pragmas                                                            |
|               | (5) access patterns         |  51,121      | array access pattern optmizations                                                      |
|               |                             |              |                                                                                        |
| Performance   |                             |              | After transformations are applied to meet performance pragma targets                   |
|               | (1) loop simplification     |  49,712      | loop and instruction simplification                                                    |
|               | (2) parallelization         |  49,553      | loops are unrolled or pipelined to meet performance targets                            |
|               | (3) array partition         |  49,366      | arrays are partitioned to meet performance targets                                     |
|               | (4) simplification          |  49,366      | simplification of design after performance transformations                             |
|               |                             |              |                                                                                        |
| HW Transforms |                             |              | After hardware transfomations                                                          |
|               | (1) lowering                |  48,810      | initial conversion to HW specific instructions                                         |
|               | (2) optimizations           |  49,363      | high level synthesis optimizations                                                     |
+---------------+-----------------------------+--------------+----------------------------------------------------------------------------------------+
    * - Exceeded design size warning message threshold

* Instructions per Function for each Compilation Phase
+-----------------------------------------+------------------------------+-----------------+------------------+-----------------+-----------------+-----------------+
| Function                                | Location                     | Compile/Link    | Unroll/Inline    | Array/Struct    | Performance     | HW Transforms   |
+-----------------------------------------+------------------------------+-----------------+------------------+-----------------+-----------------+-----------------+
| + myproject                             | myproject.cpp:7              | 18,749          | 121,337 *        | 51,121          | 49,366          | 49,363          |
|  + conv_2d_cl<nnet::array<ap_fi...      | nnet_conv2d_stream.h:66      |   907           |  2,336           | 1,337           | 1,314           | 1,338           |
|   + conv_2d_buffer_latency_cl<nn...     | nnet_conv2d_stream.h:13      |   904           |                  |                 |                 |                 |
|    + compute_output_buffer_2d<nne...    | nnet_conv_stream.h:251       |   847           |                  |                 |                 |                 |
|     + shift_line_buffer<nnet::arra...   | nnet_conv_stream.h:215       |   157           |                  |                 |                 |                 |
|        operator[]                       | nnet_types.h:19              |     3           |                  |                 |                 |                 |
|        kernel_shift_2d<nnet::array<...  | nnet_conv_stream.h:181       |    75           |                  |                 |                 |                 |
|     + dense                             | nnet_dense.h:50              |   588           |                  |                 |                 |                 |
|      + dense_latency<ap_fixed<8, 4,...  | nnet_dense_latency.h:13      |   586           |                  |                 |                 |                 |
|         product                         | nnet_mult.h:70               |   141           |                  |                 |                 |                 |
|         cast<ap_fixed<8, 4, AP_TRN, ... | nnet_mult.h:110              |     3           |                  |                 |                 |                 |
|       operator[]                        | nnet_types.h:17              |     3           |                  |                 |                 |                 |
|   + compute_output_buffer_2d<nne...     | nnet_conv_stream.h:251       |                 |  2,312           | 1,311           | 1,289           | 1,311           |
|      shift_line_buffer<nnet::arra...    | nnet_conv_stream.h:215       |                 |     63           |    82           |    60           |    79           |
|      dense_latency<ap_fixed<8, 4,...    | nnet_dense_latency.h:13      |                 |  2,160           | 1,119           | 1,119           | 1,120           |
|  + hard_tanh<nnet::array<ap_fix...      | nnet_activation_stream.h:473 | 1,438           |    460           |   496           |   496           |   487           |
|     operator[]                          | nnet_types.h:17              |     6 (2 calls) |                  |                 |                 |                 |
|  + pooling2d_cl<nnet::array<ap_...      | nnet_pooling_stream.h:96     |   430           |    396           |   361           |   331           |   319           |
|   + compute_pool_buffer_2d<nnet:...     | nnet_pooling_stream.h:30     |   371           |                  |                 |                 |                 |
|    + shift_line_buffer<nnet::arra...    | nnet_conv_stream.h:215       |   157           |                  |                 |                 |                 |
|       operator[]                        | nnet_types.h:19              |     3           |                  |                 |                 |                 |
|       kernel_shift_2d<nnet::array<...   | nnet_conv_stream.h:181       |    75           |                  |                 |                 |                 |
|    + reduce_pool<ap_fixed<8, 1, A...    | nnet_pooling_stream.h:17     |    92           |                  |                 |                 |                 |
|     + reduce<ap_fixed<8, 1, AP_RND...   | nnet_common.h:37             |    89           |                  |                 |                 |                 |
|      + reduce<ap_fixed<8, 1, AP_RND...  | nnet_common.h:37             |    60 (2 calls) |                  |                 |                 |                 |
|         operator()                      | nnet_common.h:66             |    40 (2 calls) |                  |                 |                 |                 |
|        operator()                       | nnet_common.h:66             |    20           |                  |                 |                 |                 |
|      operator[]                         | nnet_types.h:17              |     3           |                  |                 |                 |                 |
|     shift_line_buffer<nnet::arra...     | nnet_conv_stream.h:215       |                 |     75           |   127           |    97           |    98           |
|  + conv_2d_cl<nnet::array<ap_fi...      | nnet_conv2d_stream.h:66      |   907           | 39,453           | 14,074          | 13,967          | 14,077          |
|   + conv_2d_buffer_latency_cl<nn...     | nnet_conv2d_stream.h:13      |   904           |                  |                 |                 |                 |
|    + compute_output_buffer_2d<nne...    | nnet_conv_stream.h:251       |   847           |                  |                 |                 |                 |
|     + shift_line_buffer<nnet::arra...   | nnet_conv_stream.h:215       |   157           |                  |                 |                 |                 |
|        operator[]                       | nnet_types.h:19              |     3           |                  |                 |                 |                 |
|        kernel_shift_2d<nnet::array<...  | nnet_conv_stream.h:181       |    75           |                  |                 |                 |                 |
|     + dense                             | nnet_dense.h:50              |   588           |                  |                 |                 |                 |
|      + dense_latency<ap_fixed<8, 1,...  | nnet_dense_latency.h:13      |   586           |                  |                 |                 |                 |
|         product                         | nnet_mult.h:70               |   141           |                  |                 |                 |                 |
|         cast<ap_fixed<8, 1, AP_RND_C... | nnet_mult.h:110              |     3           |                  |                 |                 |                 |
|       operator[]                        | nnet_types.h:17              |     3           |                  |                 |                 |                 |
|   + compute_output_buffer_2d<nne...     | nnet_conv_stream.h:251       |                 | 39,414           | 13,977          | 13,851          | 13,973          |
|      shift_line_buffer<nnet::arra...    | nnet_conv_stream.h:215       |                 |    363           |   487           |   361           |   470           |
|      dense_latency<ap_fixed<8, 1,...    | nnet_dense_latency.h:13      |                 | 38,902           | 13,280          | 13,280          | 13,281          |
|  + hard_tanh<nnet::array<ap_fix...      | nnet_activation_stream.h:473 | 1,438           |  1,210           | 1,306           | 1,306           | 1,287           |
|     operator[]                          | nnet_types.h:17              |     6 (2 calls) |                  |                 |                 |                 |
|  + pooling2d_cl<nnet::array<ap_...      | nnet_pooling_stream.h:96     |   430           |    896           |   851           |   771           |   739           |
|   + compute_pool_buffer_2d<nnet:...     | nnet_pooling_stream.h:30     |   371           |                  |                 |                 |                 |
|    + shift_line_buffer<nnet::arra...    | nnet_conv_stream.h:215       |   157           |                  |                 |                 |                 |
|       operator[]                        | nnet_types.h:19              |     3           |                  |                 |                 |                 |
|       kernel_shift_2d<nnet::array<...   | nnet_conv_stream.h:181       |    75           |                  |                 |                 |                 |
|    + reduce_pool<ap_fixed<8, 1, A...    | nnet_pooling_stream.h:17     |    92           |                  |                 |                 |                 |
|     + reduce<ap_fixed<8, 1, AP_RND...   | nnet_common.h:37             |    89           |                  |                 |                 |                 |
|      + reduce<ap_fixed<8, 1, AP_RND...  | nnet_common.h:37             |    60 (2 calls) |                  |                 |                 |                 |
|         operator()                      | nnet_common.h:66             |    40 (2 calls) |                  |                 |                 |                 |
|        operator()                       | nnet_common.h:66             |    20           |                  |                 |                 |                 |
|      operator[]                         | nnet_types.h:17              |     3           |                  |                 |                 |                 |
|     shift_line_buffer<nnet::arra...     | nnet_conv_stream.h:215       |                 |    195           |   337           |   257           |   258           |
|  + dense<nnet::array<ap_fixed<8...      | nnet_dense_stream.h:82       |   754           | 67,140           | 25,277          | 23,994          | 23,992          |
|   + data_prepare<nnet::array<ap_...     | nnet_dense_stream.h:28       |    75           |                  |                 |                 |                 |
|      operator[]                         | nnet_types.h:17              |     6 (2 calls) |                  |                 |                 |                 |
|   + dense_latency_wrapper<ap_fix...     | nnet_dense_stream.h:13       |   588           | 67,012           | 23,438          | 23,180          | 23,181          |
|    + dense_latency<ap_fixed<8, 1,...    | nnet_dense_latency.h:13      |   586           | 67,010           | 23,436          |                 |                 |
|       product                           | nnet_mult.h:70               |   141           |                  |                 |                 |                 |
|       cast<ap_fixed<8, 1, AP_RND_C...   | nnet_mult.h:110              |     3           |                  |                 |                 |                 |
|   + res_write<nnet::array<ap_fix...     | nnet_dense_stream.h:53       |    71           |                  |                 |                 |                 |
|      operator[]                         | nnet_types.h:17              |     6 (2 calls) |                  |                 |                 |                 |
|  + normalize<nnet::array<ap_fix...      | nnet_batchnorm_stream.h:16   |   408           |    102           |   310           |   310           |   319           |
|     operator[]                          | nnet_types.h:17              |     6 (2 calls) |                  |                 |                 |                 |
|     product                             | nnet_mult.h:70               |   149           |                  |                 |                 |                 |
|  + hard_tanh<nnet::array<ap_fix...      | nnet_activation_stream.h:473 | 1,455           |  1,157           | 1,253           | 1,253           | 1,230           |
|     operator[]                          | nnet_types.h:17              |     6 (2 calls) |                  |                 |                 |                 |
|  + dense<nnet::array<ap_fixed<8...      | nnet_dense_stream.h:82       |   754           |  3,511           | 1,886           | 1,836           | 1,830           |
|   + data_prepare<nnet::array<ap_...     | nnet_dense_stream.h:28       |    75           |                  |                 |                 |                 |
|      operator[]                         | nnet_types.h:17              |     6 (2 calls) |                  |                 |                 |                 |
|   + dense_latency_wrapper<ap_fix...     | nnet_dense_stream.h:13       |   588           |  3,405           | 1,576           | 1,558           | 1,559           |
|    + dense_latency<ap_fixed<8, 1,...    | nnet_dense_latency.h:13      |   586           |  3,403           | 1,574           |                 |                 |
|       product                           | nnet_mult.h:70               |   141           |                  |                 |                 |                 |
|       cast<ap_fixed<8, 1, AP_RND_C...   | nnet_mult.h:110              |     3           |                  |                 |                 |                 |
|   + res_write<nnet::array<ap_fix...     | nnet_dense_stream.h:53       |    71           |                  |                 |                 |                 |
|      operator[]                         | nnet_types.h:17              |     6 (2 calls) |                  |                 |                 |                 |
|  + normalize<nnet::array<ap_fix...      | nnet_batchnorm_stream.h:16   |   399           |    160           |   368           |   368           |   377           |
|     operator[]                          | nnet_types.h:17              |     6 (2 calls) |                  |                 |                 |                 |
|     product                             | nnet_mult.h:70               |   141           |                  |                 |                 |                 |
|  + hard_tanh<nnet::array<ap_fix...      | nnet_activation_stream.h:473 | 1,443           |  1,157           | 1,253           | 1,253           | 1,230           |
|     operator[]                          | nnet_types.h:17              |     6 (2 calls) |                  |                 |                 |                 |
|  + dense<nnet::array<ap_fixed<8...      | nnet_dense_stream.h:82       |   754           |  2,371           | 1,392           | 1,342           | 1,330           |
|   + data_prepare<nnet::array<ap_...     | nnet_dense_stream.h:28       |    75           |                  |                 |                 |                 |
|      operator[]                         | nnet_types.h:17              |     6 (2 calls) |                  |                 |                 |                 |
|   + dense_latency_wrapper<ap_fix...     | nnet_dense_stream.h:13       |   588           |  2,283           | 1,142           | 1,124           | 1,125           |
|    + dense_latency<ap_fixed<8, 1,...    | nnet_dense_latency.h:13      |   586           |  2,281           | 1,140           |                 |                 |
|       product                           | nnet_mult.h:70               |   141           |                  |                 |                 |                 |
|       cast<ap_fixed<8, 1, AP_RND_C...   | nnet_mult.h:110              |     3           |                  |                 |                 |                 |
|   + res_write<nnet::array<ap_fix...     | nnet_dense_stream.h:53       |    71           |                  |                 |                 |                 |
|      operator[]                         | nnet_types.h:17              |     6 (2 calls) |                  |                 |                 |                 |
|  + softmax<nnet::array<ap_fixed...      | nnet_activation_stream.h:354 | 7,053           |    863           |   851           |   719           |   734           |
|   + softmax_stable<nnet::array<a...     | nnet_activation_stream.h:170 | 7,050           |    861           |   849           |   717           |   732           |
|    + init_exp_table<ap_fixed<21, ...    | nnet_activation.h:149        | 1,162           |                  |                 |                 |                 |
|       softmax_real_val_from_idx<ap...   | nnet_activation.h:133        |   414           |                  |                 |                 |                 |
|       exp_fcn_float                     | nnet_activation.h:131        |     4           |                  |                 |                 |                 |
|    + init_invert_table<ap_fixed<1...    | nnet_activation.h:160        | 1,410           |                  |                 |                 |                 |
|       softmax_real_val_from_idx<ap...   | nnet_activation.h:133        |   666           |                  |                 |                 |                 |
|      operator[]                         | nnet_types.h:17              |     6 (2 calls) |                  |                 |                 |                 |
|    + reduce<ap_fixed<21, 10, AP_T...    | nnet_common.h:37             |   266           |    165           |    30           |    20           |    20           |
|     + reduce<ap_fixed<21, 10, AP_T...   | nnet_common.h:37             |   207           |                  |                 |                 |                 |
|      + reduce<ap_fixed<21, 10, AP_T...  | nnet_common.h:37             |   178 (2 calls) |                  |                 |                 |                 |
|       + reduce<ap_fixed<21, 10, AP_T... | nnet_common.h:37             |   120 (4 calls) |                  |                 |                 |                 |
|          operator()                     | nnet_common.h:66             |    80 (4 calls) |                  |                 |                 |                 |
|         operator()                      | nnet_common.h:66             |    40 (2 calls) |                  |                 |                 |                 |
|        operator()                       | nnet_common.h:66             |    20           |                  |                 |                 |                 |
|     + reduce<ap_fixed<21, 10, AP_T...   | nnet_common.h:37             |    30           |                  |                 |                 |                 |
|        operator()                       | nnet_common.h:66             |    20           |                  |                 |                 |                 |
|       operator()                        | nnet_common.h:66             |    20           |                  |                 |                 |                 |
|      softmax_idx_from_real_val<ap...    | nnet_activation.h:141        |    98           |                  |                 |                 |                 |
|    + reduce<ap_fixed<18, 8, AP_RN...    | nnet_common.h:37             | 2,957           |    259           |   272           |   250           |   244           |
|     + reduce<ap_fixed<18, 8, AP_RN...   | nnet_common.h:37             | 2,300           |                  |                 |                 |                 |
|      + reduce<ap_fixed<18, 8, AP_RN...  | nnet_common.h:37             | 1,972 (2 calls) |                  |                 |                 |                 |
|       + reduce<ap_fixed<18, 8, AP_RN... | nnet_common.h:37             | 1,316 (4 calls) |                  |                 |                 |                 |
|          operator()                     | nnet_common.h:51             | 1,276 (4 calls) |                  |                 |                 |                 |
|         operator()                      | nnet_common.h:51             |   638 (2 calls) |                  |                 |                 |                 |
|        operator()                       | nnet_common.h:51             |   319           |                  |                 |                 |                 |
|     + reduce<ap_fixed<18, 8, AP_RN...   | nnet_common.h:37             |   329           |                  |                 |                 |                 |
|        operator()                       | nnet_common.h:51             |   319           |                  |                 |                 |                 |
|       operator()                        | nnet_common.h:51             |   319           |                  |                 |                 |                 |
|       reduce<ap_fixed<18, 8, AP_RN...   | nnet_common.h:37             |                 |    166 (2 calls) |   182 (2 calls) |   162 (2 calls) |   162 (2 calls) |
|      softmax_idx_from_real_val<ap...    | nnet_activation.h:141        |    98           |                  |                 |                 |                 |
+-----------------------------------------+------------------------------+-----------------+------------------+-----------------+-----------------+-----------------+
    * - Exceeded design size warning message threshold

* Design Size Message Settings
+---------------------------------------------+--------+------------------------------------------------------------------+
| Message Setting                             | Value  | Description                                                      |
+---------------------------------------------+--------+------------------------------------------------------------------+
| config_compile -design_size_maximum_warning | 100000 | Show a warning when total design instructions exceeds this value |
+---------------------------------------------+--------+------------------------------------------------------------------+


