

================================================================
== Vitis HLS Report for 'dense_array_ap_fixed_16u_array_ap_fixed_21_10_5_3_0_10u_config19_s'
================================================================
* Date:           Tue Nov  4 16:14:35 2025

* Version:        2023.2 (Build 4023990 on Oct 11 2023)
* Project:        myproject_prj
* Solution:       solution1 (Vivado IP Flow Target)
* Product family: zynquplus
* Target device:  xczu9eg-ffvb1156-2-e


================================================================
== Performance Estimates
================================================================
+ Timing: 
    * Summary: 
    +--------+---------+----------+------------+
    |  Clock |  Target | Estimated| Uncertainty|
    +--------+---------+----------+------------+
    |ap_clk  |  5.00 ns|  3.307 ns|     1.35 ns|
    +--------+---------+----------+------------+

+ Latency: 
    * Summary: 
    +---------+---------+-----------+-----------+-----+-----+---------+
    |  Latency (cycles) |   Latency (absolute)  |  Interval | Pipeline|
    |   min   |   max   |    min    |    max    | min | max |   Type  |
    +---------+---------+-----------+-----------+-----+-----+---------+
    |        3|        3|  15.000 ns|  15.000 ns|    3|    3|       no|
    +---------+---------+-----------+-----------+-----+-----+---------+

    + Detail: 
        * Instance: 
        +--------------------------------------------------------------------------+----------------------------------------------------------------+---------+---------+----------+----------+-----+-----+---------+
        |                                                                          |                                                                |  Latency (cycles) |  Latency (absolute) |  Interval | Pipeline|
        |                                 Instance                                 |                             Module                             |   min   |   max   |    min   |    max   | min | max |   Type  |
        +--------------------------------------------------------------------------+----------------------------------------------------------------+---------+---------+----------+----------+-----+-----+---------+
        |grp_dense_latency_wrapper_ap_fixed_ap_fixed_21_10_5_3_0_config19_s_fu_97  |dense_latency_wrapper_ap_fixed_ap_fixed_21_10_5_3_0_config19_s  |        1|        1|  5.000 ns|  5.000 ns|    1|    1|      yes|
        +--------------------------------------------------------------------------+----------------------------------------------------------------+---------+---------+----------+----------+-----+-----+---------+

        * Loop: 
        N/A



================================================================
== Utilization Estimates
================================================================
* Summary: 
+-----------------+---------+------+--------+--------+-----+
|       Name      | BRAM_18K|  DSP |   FF   |   LUT  | URAM|
+-----------------+---------+------+--------+--------+-----+
|DSP              |        -|     -|       -|       -|    -|
|Expression       |        -|     -|       0|       2|    -|
|FIFO             |        -|     -|       -|       -|    -|
|Instance         |        -|     0|     534|    4890|    -|
|Memory           |        -|     -|       -|       -|    -|
|Multiplexer      |        -|     -|       -|      62|    -|
|Register         |        -|     -|     344|       -|    -|
+-----------------+---------+------+--------+--------+-----+
|Total            |        0|     0|     878|    4954|    0|
+-----------------+---------+------+--------+--------+-----+
|Available        |     1824|  2520|  548160|  274080|    0|
+-----------------+---------+------+--------+--------+-----+
|Utilization (%)  |        0|     0|      ~0|       1|    0|
+-----------------+---------+------+--------+--------+-----+

+ Detail: 
    * Instance: 
    +--------------------------------------------------------------------------+----------------------------------------------------------------+---------+----+-----+------+-----+
    |                                 Instance                                 |                             Module                             | BRAM_18K| DSP|  FF |  LUT | URAM|
    +--------------------------------------------------------------------------+----------------------------------------------------------------+---------+----+-----+------+-----+
    |grp_dense_latency_wrapper_ap_fixed_ap_fixed_21_10_5_3_0_config19_s_fu_97  |dense_latency_wrapper_ap_fixed_ap_fixed_21_10_5_3_0_config19_s  |        0|   0|  534|  4890|    0|
    +--------------------------------------------------------------------------+----------------------------------------------------------------+---------+----+-----+------+-----+
    |Total                                                                     |                                                                |        0|   0|  534|  4890|    0|
    +--------------------------------------------------------------------------+----------------------------------------------------------------+---------+----+-----+------+-----+

    * DSP: 
    N/A

    * Memory: 
    N/A

    * FIFO: 
    N/A

    * Expression: 
    +-----------------+----------+----+---+----+------------+------------+
    |  Variable Name  | Operation| DSP| FF| LUT| Bitwidth P0| Bitwidth P1|
    +-----------------+----------+----+---+----+------------+------------+
    |ap_block_state1  |        or|   0|  0|   2|           1|           1|
    +-----------------+----------+----+---+----+------------+------------+
    |Total            |          |   0|  0|   2|           1|           1|
    +-----------------+----------+----+---+----+------------+------------+

    * Multiplexer: 
    +-------------------+----+-----------+-----+-----------+
    |        Name       | LUT| Input Size| Bits| Total Bits|
    +-------------------+----+-----------+-----+-----------+
    |ap_NS_fsm          |  26|          5|    1|          5|
    |ap_done            |   9|          2|    1|          2|
    |layer18_out_blk_n  |   9|          2|    1|          2|
    |layer19_out_blk_n  |   9|          2|    1|          2|
    |real_start         |   9|          2|    1|          2|
    +-------------------+----+-----------+-----+-----------+
    |Total              |  62|         13|    5|         13|
    +-------------------+----+-----------+-----+-----------+

    * Register: 
    +----------------------+----+----+-----+-----------+
    |         Name         | FF | LUT| Bits| Const Bits|
    +----------------------+----+----+-----+-----------+
    |ap_CS_fsm             |   4|   0|    4|          0|
    |ap_done_reg           |   1|   0|    1|          0|
    |data_pack_32_reg_331  |   8|   0|    8|          0|
    |data_pack_33_reg_336  |   8|   0|    8|          0|
    |data_pack_34_reg_341  |   8|   0|    8|          0|
    |data_pack_35_reg_346  |   8|   0|    8|          0|
    |data_pack_36_reg_351  |   8|   0|    8|          0|
    |data_pack_37_reg_356  |   8|   0|    8|          0|
    |data_pack_38_reg_361  |   8|   0|    8|          0|
    |data_pack_39_reg_366  |   8|   0|    8|          0|
    |data_pack_40_reg_371  |   8|   0|    8|          0|
    |data_pack_41_reg_376  |   8|   0|    8|          0|
    |data_pack_42_reg_381  |   8|   0|    8|          0|
    |data_pack_43_reg_386  |   8|   0|    8|          0|
    |data_pack_44_reg_391  |   8|   0|    8|          0|
    |data_pack_45_reg_396  |   8|   0|    8|          0|
    |data_pack_46_reg_401  |   8|   0|    8|          0|
    |data_pack_reg_326     |   8|   0|    8|          0|
    |res_1_reg_411         |  21|   0|   21|          0|
    |res_2_reg_416         |  21|   0|   21|          0|
    |res_3_reg_421         |  21|   0|   21|          0|
    |res_4_reg_426         |  21|   0|   21|          0|
    |res_5_reg_431         |  21|   0|   21|          0|
    |res_6_reg_436         |  21|   0|   21|          0|
    |res_7_reg_441         |  21|   0|   21|          0|
    |res_8_reg_446         |  21|   0|   21|          0|
    |res_9_reg_451         |  21|   0|   21|          0|
    |res_reg_406           |  21|   0|   21|          0|
    |start_once_reg        |   1|   0|    1|          0|
    +----------------------+----+----+-----+-----------+
    |Total                 | 344|   0|  344|          0|
    +----------------------+----+----+-----+-----------+



================================================================
== Interface
================================================================
* Summary: 
+----------------------------+-----+-----+------------+----------------------------------------------------------------------+--------------+
|          RTL Ports         | Dir | Bits|  Protocol  |                             Source Object                            |    C Type    |
+----------------------------+-----+-----+------------+----------------------------------------------------------------------+--------------+
|ap_clk                      |   in|    1|  ap_ctrl_hs|  dense<array<ap_fixed,16u>,array<ap_fixed<21,10,5,3,0>,10u>,config19>|  return value|
|ap_rst                      |   in|    1|  ap_ctrl_hs|  dense<array<ap_fixed,16u>,array<ap_fixed<21,10,5,3,0>,10u>,config19>|  return value|
|ap_start                    |   in|    1|  ap_ctrl_hs|  dense<array<ap_fixed,16u>,array<ap_fixed<21,10,5,3,0>,10u>,config19>|  return value|
|start_full_n                |   in|    1|  ap_ctrl_hs|  dense<array<ap_fixed,16u>,array<ap_fixed<21,10,5,3,0>,10u>,config19>|  return value|
|ap_done                     |  out|    1|  ap_ctrl_hs|  dense<array<ap_fixed,16u>,array<ap_fixed<21,10,5,3,0>,10u>,config19>|  return value|
|ap_continue                 |   in|    1|  ap_ctrl_hs|  dense<array<ap_fixed,16u>,array<ap_fixed<21,10,5,3,0>,10u>,config19>|  return value|
|ap_idle                     |  out|    1|  ap_ctrl_hs|  dense<array<ap_fixed,16u>,array<ap_fixed<21,10,5,3,0>,10u>,config19>|  return value|
|ap_ready                    |  out|    1|  ap_ctrl_hs|  dense<array<ap_fixed,16u>,array<ap_fixed<21,10,5,3,0>,10u>,config19>|  return value|
|start_out                   |  out|    1|  ap_ctrl_hs|  dense<array<ap_fixed,16u>,array<ap_fixed<21,10,5,3,0>,10u>,config19>|  return value|
|start_write                 |  out|    1|  ap_ctrl_hs|  dense<array<ap_fixed,16u>,array<ap_fixed<21,10,5,3,0>,10u>,config19>|  return value|
|layer18_out_dout            |   in|  128|     ap_fifo|                                                           layer18_out|       pointer|
|layer18_out_num_data_valid  |   in|    2|     ap_fifo|                                                           layer18_out|       pointer|
|layer18_out_fifo_cap        |   in|    2|     ap_fifo|                                                           layer18_out|       pointer|
|layer18_out_empty_n         |   in|    1|     ap_fifo|                                                           layer18_out|       pointer|
|layer18_out_read            |  out|    1|     ap_fifo|                                                           layer18_out|       pointer|
|layer19_out_din             |  out|  210|     ap_fifo|                                                           layer19_out|       pointer|
|layer19_out_num_data_valid  |   in|    2|     ap_fifo|                                                           layer19_out|       pointer|
|layer19_out_fifo_cap        |   in|    2|     ap_fifo|                                                           layer19_out|       pointer|
|layer19_out_full_n          |   in|    1|     ap_fifo|                                                           layer19_out|       pointer|
|layer19_out_write           |  out|    1|     ap_fifo|                                                           layer19_out|       pointer|
+----------------------------+-----+-----+------------+----------------------------------------------------------------------+--------------+

