

================================================================
== Vitis HLS Report for 'hard_tanh_array_array_ap_fixed_8_1_4_0_0_6u_hard_tanh_config4_s'
================================================================
* Date:           Tue Nov  4 16:14:15 2025

* Version:        2023.2 (Build 4023990 on Oct 11 2023)
* Project:        myproject_prj
* Solution:       solution1 (Vivado IP Flow Target)
* Product family: zynquplus
* Target device:  xczu9eg-ffvb1156-2-e


================================================================
== Performance Estimates
================================================================
+ Timing: 
    * Summary: 
    +--------+---------+----------+------------+
    |  Clock |  Target | Estimated| Uncertainty|
    +--------+---------+----------+------------+
    |ap_clk  |  5.00 ns|  3.226 ns|     1.35 ns|
    +--------+---------+----------+------------+

+ Latency: 
    * Summary: 
    +---------+---------+----------+----------+-----+-----+---------+
    |  Latency (cycles) |  Latency (absolute) |  Interval | Pipeline|
    |   min   |   max   |    min   |    max   | min | max |   Type  |
    +---------+---------+----------+----------+-----+-----+---------+
    |      580|      580|  2.900 us|  2.900 us|  580|  580|       no|
    +---------+---------+----------+----------+-----+-----+---------+

    + Detail: 
        * Instance: 
        N/A

        * Loop: 
        +----------------------+---------+---------+----------+-----------+-----------+------+----------+
        |                      |  Latency (cycles) | Iteration|  Initiation Interval  | Trip |          |
        |       Loop Name      |   min   |   max   |  Latency |  achieved |   target  | Count| Pipelined|
        +----------------------+---------+---------+----------+-----------+-----------+------+----------+
        |- HardSigmoidActLoop  |      578|      578|         4|          1|          1|   576|       yes|
        +----------------------+---------+---------+----------+-----------+-----------+------+----------+



================================================================
== Utilization Estimates
================================================================
* Summary: 
+-----------------+---------+------+--------+--------+-----+
|       Name      | BRAM_18K|  DSP |   FF   |   LUT  | URAM|
+-----------------+---------+------+--------+--------+-----+
|DSP              |        -|     -|       -|       -|    -|
|Expression       |        -|     -|       0|    1102|    -|
|FIFO             |        -|     -|       -|       -|    -|
|Instance         |        -|     -|       -|       -|    -|
|Memory           |        -|     -|       -|       -|    -|
|Multiplexer      |        -|     -|       -|      63|    -|
|Register         |        -|     -|     228|       -|    -|
+-----------------+---------+------+--------+--------+-----+
|Total            |        0|     0|     228|    1165|    0|
+-----------------+---------+------+--------+--------+-----+
|Available        |     1824|  2520|  548160|  274080|    0|
+-----------------+---------+------+--------+--------+-----+
|Utilization (%)  |        0|     0|      ~0|      ~0|    0|
+-----------------+---------+------+--------+--------+-----+

+ Detail: 
    * Instance: 
    N/A

    * DSP: 
    N/A

    * Memory: 
    N/A

    * FIFO: 
    N/A

    * Expression: 
    +----------------------------+----------+----+---+----+------------+------------+
    |        Variable Name       | Operation| DSP| FF| LUT| Bitwidth P0| Bitwidth P1|
    +----------------------------+----------+----+---+----+------------+------------+
    |add_ln491_10_fu_750_p2      |         +|   0|  0|  19|          12|          12|
    |add_ln491_11_fu_1545_p2     |         +|   0|  0|  15|           8|           8|
    |add_ln491_1_fu_820_p2       |         +|   0|  0|  15|           8|           8|
    |add_ln491_2_fu_362_p2       |         +|   0|  0|  19|          12|          12|
    |add_ln491_3_fu_965_p2       |         +|   0|  0|  15|           8|           8|
    |add_ln491_4_fu_459_p2       |         +|   0|  0|  19|          12|          12|
    |add_ln491_5_fu_1110_p2      |         +|   0|  0|  15|           8|           8|
    |add_ln491_6_fu_556_p2       |         +|   0|  0|  19|          12|          12|
    |add_ln491_7_fu_1255_p2      |         +|   0|  0|  15|           8|           8|
    |add_ln491_8_fu_653_p2       |         +|   0|  0|  19|          12|          12|
    |add_ln491_9_fu_1400_p2      |         +|   0|  0|  15|           8|           8|
    |add_ln491_fu_265_p2         |         +|   0|  0|  19|          12|          12|
    |i_2_fu_135_p2               |         +|   0|  0|  17|          10|           1|
    |sigmoid_1_fu_308_p2         |         +|   0|  0|  31|          24|          10|
    |sigmoid_2_fu_405_p2         |         +|   0|  0|  31|          24|          10|
    |sigmoid_3_fu_502_p2         |         +|   0|  0|  31|          24|          10|
    |sigmoid_4_fu_599_p2         |         +|   0|  0|  31|          24|          10|
    |sigmoid_5_fu_696_p2         |         +|   0|  0|  31|          24|          10|
    |sigmoid_fu_211_p2           |         +|   0|  0|  31|          24|          10|
    |and_ln491_10_fu_1100_p2     |       and|   0|  0|   2|           1|           1|
    |and_ln491_11_fu_1141_p2     |       and|   0|  0|   2|           1|           1|
    |and_ln491_12_fu_1146_p2     |       and|   0|  0|   2|           1|           1|
    |and_ln491_13_fu_1173_p2     |       and|   0|  0|   2|           1|           1|
    |and_ln491_14_fu_1179_p2     |       and|   0|  0|   2|           1|           1|
    |and_ln491_15_fu_1245_p2     |       and|   0|  0|   2|           1|           1|
    |and_ln491_16_fu_1286_p2     |       and|   0|  0|   2|           1|           1|
    |and_ln491_17_fu_1291_p2     |       and|   0|  0|   2|           1|           1|
    |and_ln491_18_fu_1318_p2     |       and|   0|  0|   2|           1|           1|
    |and_ln491_19_fu_1324_p2     |       and|   0|  0|   2|           1|           1|
    |and_ln491_1_fu_851_p2       |       and|   0|  0|   2|           1|           1|
    |and_ln491_20_fu_1390_p2     |       and|   0|  0|   2|           1|           1|
    |and_ln491_21_fu_1431_p2     |       and|   0|  0|   2|           1|           1|
    |and_ln491_22_fu_1436_p2     |       and|   0|  0|   2|           1|           1|
    |and_ln491_23_fu_1463_p2     |       and|   0|  0|   2|           1|           1|
    |and_ln491_24_fu_1469_p2     |       and|   0|  0|   2|           1|           1|
    |and_ln491_25_fu_1535_p2     |       and|   0|  0|   2|           1|           1|
    |and_ln491_26_fu_1576_p2     |       and|   0|  0|   2|           1|           1|
    |and_ln491_27_fu_1581_p2     |       and|   0|  0|   2|           1|           1|
    |and_ln491_28_fu_1608_p2     |       and|   0|  0|   2|           1|           1|
    |and_ln491_29_fu_1614_p2     |       and|   0|  0|   2|           1|           1|
    |and_ln491_2_fu_856_p2       |       and|   0|  0|   2|           1|           1|
    |and_ln491_3_fu_883_p2       |       and|   0|  0|   2|           1|           1|
    |and_ln491_4_fu_889_p2       |       and|   0|  0|   2|           1|           1|
    |and_ln491_5_fu_955_p2       |       and|   0|  0|   2|           1|           1|
    |and_ln491_6_fu_996_p2       |       and|   0|  0|   2|           1|           1|
    |and_ln491_7_fu_1001_p2      |       and|   0|  0|   2|           1|           1|
    |and_ln491_8_fu_1028_p2      |       and|   0|  0|   2|           1|           1|
    |and_ln491_9_fu_1034_p2      |       and|   0|  0|   2|           1|           1|
    |and_ln491_fu_810_p2         |       and|   0|  0|   2|           1|           1|
    |ap_condition_178            |       and|   0|  0|   2|           1|           1|
    |icmp_ln476_fu_129_p2        |      icmp|   0|  0|  17|          10|          10|
    |icmp_ln487_1_fu_314_p2      |      icmp|   0|  0|  31|          24|          11|
    |icmp_ln487_2_fu_411_p2      |      icmp|   0|  0|  31|          24|          11|
    |icmp_ln487_3_fu_508_p2      |      icmp|   0|  0|  31|          24|          11|
    |icmp_ln487_4_fu_605_p2      |      icmp|   0|  0|  31|          24|          11|
    |icmp_ln487_5_fu_702_p2      |      icmp|   0|  0|  31|          24|          11|
    |icmp_ln487_fu_217_p2        |      icmp|   0|  0|  31|          24|          11|
    |icmp_ln491_1_fu_380_p2      |      icmp|   0|  0|   9|           1|           1|
    |icmp_ln491_2_fu_477_p2      |      icmp|   0|  0|   9|           1|           1|
    |icmp_ln491_3_fu_574_p2      |      icmp|   0|  0|   9|           1|           1|
    |icmp_ln491_4_fu_671_p2      |      icmp|   0|  0|   9|           1|           1|
    |icmp_ln491_5_fu_768_p2      |      icmp|   0|  0|   9|           1|           1|
    |icmp_ln491_fu_283_p2        |      icmp|   0|  0|   9|           1|           1|
    |ap_block_pp0_stage0_01001   |        or|   0|  0|   2|           1|           1|
    |or_ln487_1_fu_328_p2        |        or|   0|  0|   2|           1|           1|
    |or_ln487_2_fu_425_p2        |        or|   0|  0|   2|           1|           1|
    |or_ln487_3_fu_522_p2        |        or|   0|  0|   2|           1|           1|
    |or_ln487_4_fu_619_p2        |        or|   0|  0|   2|           1|           1|
    |or_ln487_5_fu_716_p2        |        or|   0|  0|   2|           1|           1|
    |or_ln487_fu_231_p2          |        or|   0|  0|   2|           1|           1|
    |or_ln491_10_fu_1095_p2      |        or|   0|  0|   2|           1|           1|
    |or_ln491_11_fu_1135_p2      |        or|   0|  0|   2|           1|           1|
    |or_ln491_12_fu_1162_p2      |        or|   0|  0|   2|           1|           1|
    |or_ln491_13_fu_1184_p2      |        or|   0|  0|   2|           1|           1|
    |or_ln491_14_fu_1203_p2      |        or|   0|  0|   2|           1|           1|
    |or_ln491_15_fu_1240_p2      |        or|   0|  0|   2|           1|           1|
    |or_ln491_16_fu_1280_p2      |        or|   0|  0|   2|           1|           1|
    |or_ln491_17_fu_1307_p2      |        or|   0|  0|   2|           1|           1|
    |or_ln491_18_fu_1329_p2      |        or|   0|  0|   2|           1|           1|
    |or_ln491_19_fu_1348_p2      |        or|   0|  0|   2|           1|           1|
    |or_ln491_1_fu_845_p2        |        or|   0|  0|   2|           1|           1|
    |or_ln491_20_fu_1385_p2      |        or|   0|  0|   2|           1|           1|
    |or_ln491_21_fu_1425_p2      |        or|   0|  0|   2|           1|           1|
    |or_ln491_22_fu_1452_p2      |        or|   0|  0|   2|           1|           1|
    |or_ln491_23_fu_1474_p2      |        or|   0|  0|   2|           1|           1|
    |or_ln491_24_fu_1493_p2      |        or|   0|  0|   2|           1|           1|
    |or_ln491_25_fu_1530_p2      |        or|   0|  0|   2|           1|           1|
    |or_ln491_26_fu_1570_p2      |        or|   0|  0|   2|           1|           1|
    |or_ln491_27_fu_1597_p2      |        or|   0|  0|   2|           1|           1|
    |or_ln491_28_fu_1619_p2      |        or|   0|  0|   2|           1|           1|
    |or_ln491_29_fu_1638_p2      |        or|   0|  0|   2|           1|           1|
    |or_ln491_2_fu_872_p2        |        or|   0|  0|   2|           1|           1|
    |or_ln491_3_fu_894_p2        |        or|   0|  0|   2|           1|           1|
    |or_ln491_4_fu_913_p2        |        or|   0|  0|   2|           1|           1|
    |or_ln491_5_fu_950_p2        |        or|   0|  0|   2|           1|           1|
    |or_ln491_6_fu_990_p2        |        or|   0|  0|   2|           1|           1|
    |or_ln491_7_fu_1017_p2       |        or|   0|  0|   2|           1|           1|
    |or_ln491_8_fu_1039_p2       |        or|   0|  0|   2|           1|           1|
    |or_ln491_9_fu_1058_p2       |        or|   0|  0|   2|           1|           1|
    |or_ln491_fu_805_p2          |        or|   0|  0|   2|           1|           1|
    |out_data_1_fu_1064_p3       |    select|   0|  0|   8|           1|           8|
    |out_data_2_fu_1209_p3       |    select|   0|  0|   8|           1|           8|
    |out_data_3_fu_1354_p3       |    select|   0|  0|   8|           1|           8|
    |out_data_4_fu_1499_p3       |    select|   0|  0|   8|           1|           8|
    |out_data_fu_919_p3          |    select|   0|  0|   8|           1|           8|
    |select_ln487_10_fu_722_p3   |    select|   0|  0|  11|           1|          12|
    |select_ln487_11_fu_734_p3   |    select|   0|  0|  10|           1|          11|
    |select_ln487_1_fu_249_p3    |    select|   0|  0|  10|           1|          11|
    |select_ln487_2_fu_334_p3    |    select|   0|  0|  11|           1|          12|
    |select_ln487_3_fu_346_p3    |    select|   0|  0|  10|           1|          11|
    |select_ln487_4_fu_431_p3    |    select|   0|  0|  11|           1|          12|
    |select_ln487_5_fu_443_p3    |    select|   0|  0|  10|           1|          11|
    |select_ln487_6_fu_528_p3    |    select|   0|  0|  11|           1|          12|
    |select_ln487_7_fu_540_p3    |    select|   0|  0|  10|           1|          11|
    |select_ln487_8_fu_625_p3    |    select|   0|  0|  11|           1|          12|
    |select_ln487_9_fu_637_p3    |    select|   0|  0|  10|           1|          11|
    |select_ln487_fu_237_p3      |    select|   0|  0|  11|           1|          12|
    |select_ln491_10_fu_1630_p3  |    select|   0|  0|   9|           1|           7|
    |select_ln491_11_fu_1644_p3  |    select|   0|  0|   8|           1|           8|
    |select_ln491_2_fu_1050_p3   |    select|   0|  0|   9|           1|           7|
    |select_ln491_4_fu_1195_p3   |    select|   0|  0|   9|           1|           7|
    |select_ln491_6_fu_1340_p3   |    select|   0|  0|   9|           1|           7|
    |select_ln491_8_fu_1485_p3   |    select|   0|  0|   9|           1|           7|
    |select_ln491_fu_905_p3      |    select|   0|  0|   9|           1|           7|
    |ap_enable_pp0               |       xor|   0|  0|   2|           1|           2|
    |xor_ln491_10_fu_1023_p2     |       xor|   0|  0|   2|           1|           2|
    |xor_ln491_11_fu_1045_p2     |       xor|   0|  0|   2|           1|           1|
    |xor_ln491_12_fu_1124_p2     |       xor|   0|  0|   2|           1|           2|
    |xor_ln491_13_fu_1130_p2     |       xor|   0|  0|   2|           1|           2|
    |xor_ln491_14_fu_1151_p2     |       xor|   0|  0|   2|           1|           1|
    |xor_ln491_15_fu_1156_p2     |       xor|   0|  0|   2|           1|           2|
    |xor_ln491_16_fu_1168_p2     |       xor|   0|  0|   2|           1|           2|
    |xor_ln491_17_fu_1190_p2     |       xor|   0|  0|   2|           1|           1|
    |xor_ln491_18_fu_1269_p2     |       xor|   0|  0|   2|           1|           2|
    |xor_ln491_19_fu_1275_p2     |       xor|   0|  0|   2|           1|           2|
    |xor_ln491_1_fu_840_p2       |       xor|   0|  0|   2|           1|           2|
    |xor_ln491_20_fu_1296_p2     |       xor|   0|  0|   2|           1|           1|
    |xor_ln491_21_fu_1301_p2     |       xor|   0|  0|   2|           1|           2|
    |xor_ln491_22_fu_1313_p2     |       xor|   0|  0|   2|           1|           2|
    |xor_ln491_23_fu_1335_p2     |       xor|   0|  0|   2|           1|           1|
    |xor_ln491_24_fu_1414_p2     |       xor|   0|  0|   2|           1|           2|
    |xor_ln491_25_fu_1420_p2     |       xor|   0|  0|   2|           1|           2|
    |xor_ln491_26_fu_1441_p2     |       xor|   0|  0|   2|           1|           1|
    |xor_ln491_27_fu_1446_p2     |       xor|   0|  0|   2|           1|           2|
    |xor_ln491_28_fu_1458_p2     |       xor|   0|  0|   2|           1|           2|
    |xor_ln491_29_fu_1480_p2     |       xor|   0|  0|   2|           1|           1|
    |xor_ln491_2_fu_861_p2       |       xor|   0|  0|   2|           1|           1|
    |xor_ln491_30_fu_1559_p2     |       xor|   0|  0|   2|           1|           2|
    |xor_ln491_31_fu_1565_p2     |       xor|   0|  0|   2|           1|           2|
    |xor_ln491_32_fu_1586_p2     |       xor|   0|  0|   2|           1|           1|
    |xor_ln491_33_fu_1591_p2     |       xor|   0|  0|   2|           1|           2|
    |xor_ln491_34_fu_1603_p2     |       xor|   0|  0|   2|           1|           2|
    |xor_ln491_35_fu_1625_p2     |       xor|   0|  0|   2|           1|           1|
    |xor_ln491_3_fu_866_p2       |       xor|   0|  0|   2|           1|           2|
    |xor_ln491_4_fu_878_p2       |       xor|   0|  0|   2|           1|           2|
    |xor_ln491_5_fu_900_p2       |       xor|   0|  0|   2|           1|           1|
    |xor_ln491_6_fu_979_p2       |       xor|   0|  0|   2|           1|           2|
    |xor_ln491_7_fu_985_p2       |       xor|   0|  0|   2|           1|           2|
    |xor_ln491_8_fu_1006_p2      |       xor|   0|  0|   2|           1|           1|
    |xor_ln491_9_fu_1011_p2      |       xor|   0|  0|   2|           1|           2|
    |xor_ln491_fu_834_p2         |       xor|   0|  0|   2|           1|           2|
    +----------------------------+----------+----+---+----+------------+------------+
    |Total                       |          |   0|  0|1102|         563|         621|
    +----------------------------+----------+----+---+----+------------+------------+

    * Multiplexer: 
    +-------------------------+----+-----------+-----+-----------+
    |           Name          | LUT| Input Size| Bits| Total Bits|
    +-------------------------+----+-----------+-----+-----------+
    |ap_done_int              |   9|          2|    1|          2|
    |ap_enable_reg_pp0_iter1  |   9|          2|    1|          2|
    |ap_sig_allocacmp_i_1     |   9|          2|   10|         20|
    |i_fu_104                 |   9|          2|   10|         20|
    |layer2_out_blk_n         |   9|          2|    1|          2|
    |layer4_out_blk_n         |   9|          2|    1|          2|
    |real_start               |   9|          2|    1|          2|
    +-------------------------+----+-----------+-----+-----------+
    |Total                    |  63|         14|   25|         50|
    +-------------------------+----+-----------+-----+-----------+

    * Register: 
    +----------------------------------+----+----+-----+-----------+
    |               Name               | FF | LUT| Bits| Const Bits|
    +----------------------------------+----+----+-----+-----------+
    |add_ln491_10_reg_1845             |  10|   0|   12|          2|
    |add_ln491_2_reg_1737              |  10|   0|   12|          2|
    |add_ln491_4_reg_1764              |  10|   0|   12|          2|
    |add_ln491_6_reg_1791              |  10|   0|   12|          2|
    |add_ln491_8_reg_1818              |  10|   0|   12|          2|
    |add_ln491_reg_1710                |  10|   0|   12|          2|
    |ap_CS_fsm                         |   1|   0|    1|          0|
    |ap_done_reg                       |   1|   0|    1|          0|
    |ap_enable_reg_pp0_iter1           |   1|   0|    1|          0|
    |ap_enable_reg_pp0_iter2           |   1|   0|    1|          0|
    |ap_enable_reg_pp0_iter3           |   1|   0|    1|          0|
    |ap_loop_exit_ready_pp0_iter1_reg  |   1|   0|    1|          0|
    |ap_loop_exit_ready_pp0_iter2_reg  |   1|   0|    1|          0|
    |i_fu_104                          |  10|   0|   10|          0|
    |icmp_ln491_1_reg_1753             |   1|   0|    1|          0|
    |icmp_ln491_2_reg_1780             |   1|   0|    1|          0|
    |icmp_ln491_3_reg_1807             |   1|   0|    1|          0|
    |icmp_ln491_4_reg_1834             |   1|   0|    1|          0|
    |icmp_ln491_5_reg_1861             |   1|   0|    1|          0|
    |icmp_ln491_reg_1726               |   1|   0|    1|          0|
    |start_once_reg                    |   1|   0|    1|          0|
    |tmp_11_reg_1690                   |  22|   0|   22|          0|
    |tmp_12_reg_1695                   |  22|   0|   22|          0|
    |tmp_13_reg_1700                   |  22|   0|   22|          0|
    |tmp_14_reg_1705                   |  22|   0|   22|          0|
    |tmp_44_reg_1717                   |   1|   0|    1|          0|
    |tmp_49_reg_1731                   |   1|   0|    1|          0|
    |tmp_52_reg_1744                   |   1|   0|    1|          0|
    |tmp_55_reg_1758                   |   1|   0|    1|          0|
    |tmp_58_reg_1771                   |   1|   0|    1|          0|
    |tmp_61_reg_1785                   |   1|   0|    1|          0|
    |tmp_64_reg_1798                   |   1|   0|    1|          0|
    |tmp_67_reg_1812                   |   1|   0|    1|          0|
    |tmp_70_reg_1825                   |   1|   0|    1|          0|
    |tmp_73_reg_1839                   |   1|   0|    1|          0|
    |tmp_76_reg_1852                   |   1|   0|    1|          0|
    |tmp_79_reg_1866                   |   1|   0|    1|          0|
    |tmp_s_reg_1685                    |  22|   0|   22|          0|
    |trunc_ln486_reg_1680              |  22|   0|   22|          0|
    +----------------------------------+----+----+-----+-----------+
    |Total                             | 228|   0|  240|         12|
    +----------------------------------+----+----+-----+-----------+



================================================================
== Interface
================================================================
* Summary: 
+---------------------------+-----+-----+------------+------------------------------------------------------------------+--------------+
|         RTL Ports         | Dir | Bits|  Protocol  |                           Source Object                          |    C Type    |
+---------------------------+-----+-----+------------+------------------------------------------------------------------+--------------+
|ap_clk                     |   in|    1|  ap_ctrl_hs|  hard_tanh<array,array<ap_fixed<8,1,4,0,0>,6u>,hard_tanh_config4>|  return value|
|ap_rst                     |   in|    1|  ap_ctrl_hs|  hard_tanh<array,array<ap_fixed<8,1,4,0,0>,6u>,hard_tanh_config4>|  return value|
|ap_start                   |   in|    1|  ap_ctrl_hs|  hard_tanh<array,array<ap_fixed<8,1,4,0,0>,6u>,hard_tanh_config4>|  return value|
|start_full_n               |   in|    1|  ap_ctrl_hs|  hard_tanh<array,array<ap_fixed<8,1,4,0,0>,6u>,hard_tanh_config4>|  return value|
|ap_done                    |  out|    1|  ap_ctrl_hs|  hard_tanh<array,array<ap_fixed<8,1,4,0,0>,6u>,hard_tanh_config4>|  return value|
|ap_continue                |   in|    1|  ap_ctrl_hs|  hard_tanh<array,array<ap_fixed<8,1,4,0,0>,6u>,hard_tanh_config4>|  return value|
|ap_idle                    |  out|    1|  ap_ctrl_hs|  hard_tanh<array,array<ap_fixed<8,1,4,0,0>,6u>,hard_tanh_config4>|  return value|
|ap_ready                   |  out|    1|  ap_ctrl_hs|  hard_tanh<array,array<ap_fixed<8,1,4,0,0>,6u>,hard_tanh_config4>|  return value|
|start_out                  |  out|    1|  ap_ctrl_hs|  hard_tanh<array,array<ap_fixed<8,1,4,0,0>,6u>,hard_tanh_config4>|  return value|
|start_write                |  out|    1|  ap_ctrl_hs|  hard_tanh<array,array<ap_fixed<8,1,4,0,0>,6u>,hard_tanh_config4>|  return value|
|layer2_out_dout            |   in|  132|     ap_fifo|                                                        layer2_out|       pointer|
|layer2_out_num_data_valid  |   in|   11|     ap_fifo|                                                        layer2_out|       pointer|
|layer2_out_fifo_cap        |   in|   11|     ap_fifo|                                                        layer2_out|       pointer|
|layer2_out_empty_n         |   in|    1|     ap_fifo|                                                        layer2_out|       pointer|
|layer2_out_read            |  out|    1|     ap_fifo|                                                        layer2_out|       pointer|
|layer4_out_din             |  out|   48|     ap_fifo|                                                        layer4_out|       pointer|
|layer4_out_num_data_valid  |   in|   11|     ap_fifo|                                                        layer4_out|       pointer|
|layer4_out_fifo_cap        |   in|   11|     ap_fifo|                                                        layer4_out|       pointer|
|layer4_out_full_n          |   in|    1|     ap_fifo|                                                        layer4_out|       pointer|
|layer4_out_write           |  out|    1|     ap_fifo|                                                        layer4_out|       pointer|
+---------------------------+-----+-----+------------+------------------------------------------------------------------+--------------+

