#-----------------------------------------------------------
# xsim v2023.2 (64-bit)
# SW Build 4029153 on Fri Oct 13 20:13:54 MDT 2023
# IP Build 4028589 on Sat Oct 14 00:45:43 MDT 2023
# SharedData Build 4025554 on Tue Oct 10 17:18:54 MDT 2023
# Start of session at: Tue Nov  4 16:15:29 2025
# Process ID: 25748
# Current directory: /home2/etudiants/master2/abdennour.guessoum/Téléchargements/M2/Projet_M2/hls4ml-tutorial/Lenet5/lenet5_quantifié_8_4/myproject_prj/solution1/sim/verilog
# Command line: xsim -mode tcl -source {xsim.dir/myproject/xsim_script.tcl}
# Log file: /home2/etudiants/master2/abdennour.guessoum/Téléchargements/M2/Projet_M2/hls4ml-tutorial/Lenet5/lenet5_quantifié_8_4/myproject_prj/solution1/sim/verilog/xsim.log
# Journal file: /home2/etudiants/master2/abdennour.guessoum/Téléchargements/M2/Projet_M2/hls4ml-tutorial/Lenet5/lenet5_quantifié_8_4/myproject_prj/solution1/sim/verilog/xsim.jou
# Running On: info-m15-010, OS: Linux, CPU Frequency: 799.423 MHz, CPU Physical cores: 12, Host memory: 33344 MB
#-----------------------------------------------------------
source xsim.dir/myproject/xsim_script.tcl
# xsim {myproject} -autoloadwcfg -tclbatch {myproject.tcl}
Time resolution is 1 ps
source myproject.tcl
## run all
////////////////////////////////////////////////////////////////////////////////////
// Inter-Transaction Progress: Completed Transaction / Total Transaction
// Intra-Transaction Progress: Measured Latency / Latency Estimation * 100%
//
// RTL Simulation : "Inter-Transaction Progress" ["Intra-Transaction Progress"] @ "Simulation Time"
////////////////////////////////////////////////////////////////////////////////////
// RTL Simulation : 0 / 3 [0.00%] @ "113000"
// RTL Simulation : 1 / 3 [50.59%] @ "17898000"
// RTL Simulation : 2 / 3 [50.59%] @ "29668000"
// RTL Simulation : 3 / 3 [100.00%] @ "35778000"
////////////////////////////////////////////////////////////////////////////////////
$finish called at time : 35807500 ps : File "/home2/etudiants/master2/abdennour.guessoum/Téléchargements/M2/Projet_M2/hls4ml-tutorial/Lenet5/lenet5_quantifié_8_4/myproject_prj/solution1/sim/verilog/myproject.autotb.v" Line 249
## quit
INFO: [Common 17-206] Exiting xsim at Tue Nov  4 16:15:32 2025...
