

================================================================
== Vitis HLS Report for 'conv_2d_cl_array_ap_fixed_1u_array_ap_fixed_22_14_5_3_0_6u_config2_s'
================================================================
* Date:           Tue Nov  4 16:13:50 2025

* Version:        2023.2 (Build 4023990 on Oct 11 2023)
* Project:        myproject_prj
* Solution:       solution1 (Vivado IP Flow Target)
* Product family: zynquplus
* Target device:  xczu9eg-ffvb1156-2-e


================================================================
== Performance Estimates
================================================================
+ Timing: 
    * Summary: 
    +--------+---------+----------+------------+
    |  Clock |  Target | Estimated| Uncertainty|
    +--------+---------+----------+------------+
    |ap_clk  |  5.00 ns|  3.371 ns|     1.35 ns|
    +--------+---------+----------+------------+

+ Latency: 
    * Summary: 
    +---------+---------+-----------+-----------+------+------+---------+
    |  Latency (cycles) |   Latency (absolute)  |   Interval  | Pipeline|
    |   min   |   max   |    min    |    max    |  min |  max |   Type  |
    +---------+---------+-----------+-----------+------+------+---------+
    |     2355|     2355|  11.775 us|  11.775 us|  2355|  2355|       no|
    +---------+---------+-----------+-----------+------+------+---------+

    + Detail: 
        * Instance: 
        N/A

        * Loop: 
        +----------------------------------+---------+---------+----------+-----------+-----------+------+----------+
        |                                  |  Latency (cycles) | Iteration|  Initiation Interval  | Trip |          |
        |             Loop Name            |   min   |   max   |  Latency |  achieved |   target  | Count| Pipelined|
        +----------------------------------+---------+---------+----------+-----------+-----------+------+----------+
        |- ReadInputHeight_ReadInputWidth  |     2353|     2353|         5|          3|          1|   784|       yes|
        +----------------------------------+---------+---------+----------+-----------+-----------+------+----------+

============================================================
+ Verbose Summary: Synthesis Manager
============================================================
InlineROM: 1
ExposeGlobal: 0
============================================================
+ Verbose Summary: CDFG Model
============================================================
IsTopModel: 0
ResetActiveHigh: 1
IsCombinational: 2
IsDatapathOnly: 0
HasWiredReturn: 1
HasMFsm: 2
HasVarLatency: 1
IsPipeline: 0
IsRtlPipelined: 0
IsInstanceOverlapped: 0
IsDontTouch: 0
HasImplIP: 0
IsGatedGlobalClock: 0

+ Individual pipeline summary: 
  * Pipeline-0: initiation interval (II) = 3, depth = 5


============================================================
+ Verbose Summary: Schedule
============================================================
* Number of FSM states : 5
* Pipeline : 1
  Pipeline-0 : II = 3, D = 5, States = { 1 2 3 4 5 }
* Dataflow Pipeline: 0

* FSM state transitions: 
1 --> 2 
2 --> 3 
3 --> 4 
4 --> 5 
5 --> 

* FSM state operations: 

State 1 <SV = 0> <Delay = 1.64>
ST_1 : Operation 8 [1/1] (0.00ns)   --->   "%indvar_flatten = alloca i32 1"   --->   Operation 8 'alloca' 'indvar_flatten' <Predicate = true> <Delay = 0.00>
ST_1 : Operation 9 [1/1] (0.00ns)   --->   "%specinterface_ln0 = specinterface void @_ssdm_op_SpecInterface, i132 %layer2_out, void @empty_9, i32 0, i32 0, void @empty_1, i32 0, i32 0, void @empty_1, void @empty_1, void @empty_1, i32 0, i32 0, i32 0, i32 0, void @empty_1, void @empty_1, i32 4294967295, i32 0"   --->   Operation 9 'specinterface' 'specinterface_ln0' <Predicate = true> <Delay = 0.00>
ST_1 : Operation 10 [1/1] (0.00ns)   --->   "%specinterface_ln0 = specinterface void @_ssdm_op_SpecInterface, i8 %input_layer, void @empty_15, i32 1, i32 1, void @empty_10, i32 0, i32 0, void @empty_1, void @empty_1, void @empty_1, i32 0, i32 0, i32 0, i32 0, void @empty_1, void @empty_1, i32 4294967295, i32 0"   --->   Operation 10 'specinterface' 'specinterface_ln0' <Predicate = true> <Delay = 0.00>
ST_1 : Operation 11 [1/1] (0.42ns)   --->   "%store_ln0 = store i10 0, i10 %indvar_flatten"   --->   Operation 11 'store' 'store_ln0' <Predicate = true> <Delay = 0.42>
ST_1 : Operation 12 [1/1] (0.00ns)   --->   "%br_ln24 = br void %for.body12.i" [firmware/nnet_utils/nnet_conv2d_stream.h:24->firmware/nnet_utils/nnet_conv2d_stream.h:75]   --->   Operation 12 'br' 'br_ln24' <Predicate = true> <Delay = 0.00>
ST_1 : Operation 13 [1/1] (0.00ns)   --->   "%indvar_flatten_load = load i10 %indvar_flatten" [firmware/nnet_utils/nnet_conv2d_stream.h:24->firmware/nnet_utils/nnet_conv2d_stream.h:75]   --->   Operation 13 'load' 'indvar_flatten_load' <Predicate = true> <Delay = 0.00>
ST_1 : Operation 14 [1/1] (0.78ns)   --->   "%icmp_ln24 = icmp_eq  i10 %indvar_flatten_load, i10 784" [firmware/nnet_utils/nnet_conv2d_stream.h:24->firmware/nnet_utils/nnet_conv2d_stream.h:75]   --->   Operation 14 'icmp' 'icmp_ln24' <Predicate = true> <Delay = 0.78> <CoreInst = "Cmp">   --->   Core 9 'Cmp' <Latency = 0> <II = 1> <Delay = 0.78> <FuncUnit> <Opcode : 'icmp'> <InPorts = 2> <OutPorts = 1>
ST_1 : Operation 15 [1/1] (0.78ns)   --->   "%add_ln24 = add i10 %indvar_flatten_load, i10 1" [firmware/nnet_utils/nnet_conv2d_stream.h:24->firmware/nnet_utils/nnet_conv2d_stream.h:75]   --->   Operation 15 'add' 'add_ln24' <Predicate = true> <Delay = 0.78> <CoreInst = "Adder">   --->   Core 1 'Adder' <Latency = 0> <II = 1> <Delay = 0.78> <FuncUnit> <Opcode : 'add' 'sub'> <InPorts = 2> <OutPorts = 1>
ST_1 : Operation 16 [1/1] (0.00ns)   --->   "%br_ln24 = br i1 %icmp_ln24, void %for.cond.cleanup11.i, void %_ZN4nnet25conv_2d_buffer_latency_clINS_5arrayI8ap_fixedILi8ELi4EL9ap_q_mode5EL9ap_o_mode3ELi0EELj1EEENS1_IS2_ILi22ELi14ELS3_5ELS4_3ELi0EELj6EEE7config2EEvRN3hls6streamIT_Li0EEERNSB_IT0_Li0EEEPNT1_8weight_tEPNSI_6bias_tE.33.exit" [firmware/nnet_utils/nnet_conv2d_stream.h:24->firmware/nnet_utils/nnet_conv2d_stream.h:75]   --->   Operation 16 'br' 'br_ln24' <Predicate = true> <Delay = 0.00>
ST_1 : Operation 17 [1/1] (0.42ns)   --->   "%store_ln24 = store i10 %add_ln24, i10 %indvar_flatten" [firmware/nnet_utils/nnet_conv2d_stream.h:24->firmware/nnet_utils/nnet_conv2d_stream.h:75]   --->   Operation 17 'store' 'store_ln24' <Predicate = (!icmp_ln24)> <Delay = 0.42>

State 2 <SV = 1> <Delay = 1.00>
ST_2 : Operation 18 [1/1] (1.00ns)   --->   "%input_layer_read = read i8 @_ssdm_op_Read.axis.volatile.i8P128A, i8 %input_layer" [firmware/nnet_utils/nnet_conv2d_stream.h:31->firmware/nnet_utils/nnet_conv2d_stream.h:75]   --->   Operation 18 'read' 'input_layer_read' <Predicate = (!icmp_ln24)> <Delay = 1.00> <CoreInst = "axis">   --->   Core 123 'axis' <Latency = 0> <II = 1> <Delay = 1.00> <Adapter> <Opcode : >
ST_2 : Operation 19 [4/4] (0.00ns)   --->   "%call_ln31 = call void @compute_output_buffer_2d<array,array<ap_fixed<22,14,5,3,0>,6u>,config2>, i8 %input_layer_read, i132 %layer2_out, i8 %void_compute_output_buffer_2d_array_const_ap_shift_reg_n_chan_stream_weig_8, i8 %void_compute_output_buffer_2d_array_const_ap_shift_reg_n_chan_stream_weig_9, i8 %void_compute_output_buffer_2d_array_const_ap_shift_reg_n_chan_stream_weig_3, i8 %void_compute_output_buffer_2d_array_const_ap_shift_reg_n_chan_stream_weig_4, i8 %p_ZZN4nnet24compute_output_buffer_2dINS_5arrayI8ap_fixedILi8ELi4EL9ap_q_mode5EL9a_13, i8 %p_ZZN4nnet24compute_output_buffer_2dINS_5arrayI8ap_fixedILi8ELi4EL9ap_q_mode5EL9a_14, i8 %p_ZZN4nnet24compute_output_buffer_2dINS_5arrayI8ap_fixedILi8ELi4EL9ap_q_mode5EL9a_8, i8 %p_ZZN4nnet24compute_output_buffer_2dINS_5arrayI8ap_fixedILi8ELi4EL9ap_q_mode5EL9a_9, i8 %p_ZZN4nnet24compute_output_buffer_2dINS_5arrayI8ap_fixedILi8ELi4EL9ap_q_mode5EL9a_3, i8 %p_ZZN4nnet24compute_output_buffer_2dINS_5arrayI8ap_fixedILi8ELi4EL9ap_q_mode5EL9a_4, i8 %void_compute_output_buffer_2d_array_const_ap_shift_reg_n_chan_stream_weig_7, i8 %void_compute_output_buffer_2d_array_const_ap_shift_reg_n_chan_stream_weig_2, i8 %p_ZZN4nnet24compute_output_buffer_2dINS_5arrayI8ap_fixedILi8ELi4EL9ap_q_mode5EL9a_12, i8 %p_ZZN4nnet24compute_output_buffer_2dINS_5arrayI8ap_fixedILi8ELi4EL9ap_q_mode5EL9a_7, i8 %p_ZZN4nnet24compute_output_buffer_2dINS_5arrayI8ap_fixedILi8ELi4EL9ap_q_mode5EL9a_2, i8 %void_compute_output_buffer_2d_array_const_ap_shift_reg_n_chan_stream_weig_6, i8 %void_compute_output_buffer_2d_array_const_ap_shift_reg_n_chan_stream_weig_1, i8 %p_ZZN4nnet24compute_output_buffer_2dINS_5arrayI8ap_fixedILi8ELi4EL9ap_q_mode5EL9a_11, i8 %p_ZZN4nnet24compute_output_buffer_2dINS_5arrayI8ap_fixedILi8ELi4EL9ap_q_mode5EL9a_6, i8 %p_ZZN4nnet24compute_output_buffer_2dINS_5arrayI8ap_fixedILi8ELi4EL9ap_q_mode5EL9a_1, i8 %void_compute_output_buffer_2d_array_const_ap_shift_reg_n_chan_stream_weig_5, i8 %void_compute_output_buffer_2d_array_const_ap_shift_reg_n_chan_stream_weig, i8 %p_ZZN4nnet24compute_output_buffer_2dINS_5arrayI8ap_fixedILi8ELi4EL9ap_q_mode5EL9a_10, i8 %p_ZZN4nnet24compute_output_buffer_2dINS_5arrayI8ap_fixedILi8ELi4EL9ap_q_mode5EL9a_5, i8 %p_ZZN4nnet24compute_output_buffer_2dINS_5arrayI8ap_fixedILi8ELi4EL9ap_q_mode5EL9a, i8 %void_conv_2d_buffer_latency_cl_stream_stream_weight_t_bias_t_line_buffer_3, i8 %void_conv_2d_buffer_latency_cl_stream_stream_weight_t_bias_t_line_buffer_2, i8 %void_conv_2d_buffer_latency_cl_stream_stream_weight_t_bias_t_line_buffer_1, i8 %void_conv_2d_buffer_latency_cl_stream_stream_weight_t_bias_t_line_buffer, i32 %sX_2, i32 %sY_2, i32 %pY_2, i32 %pX_2" [firmware/nnet_utils/nnet_conv2d_stream.h:31->firmware/nnet_utils/nnet_conv2d_stream.h:75]   --->   Operation 19 'call' 'call_ln31' <Predicate = (!icmp_ln24)> <Delay = 0.00> <CoreType = "Generic">   --->   Core 0 '' <Latency = 0> <II = 1> <Delay = 1.00> <Generic> <Opcode : >
ST_2 : Operation 27 [1/1] (0.00ns)   --->   "%ret_ln79 = ret" [firmware/nnet_utils/nnet_conv2d_stream.h:79]   --->   Operation 27 'ret' 'ret_ln79' <Predicate = (icmp_ln24)> <Delay = 0.00>

State 3 <SV = 2> <Delay = 0.00>
ST_3 : Operation 20 [3/4] (0.00ns)   --->   "%call_ln31 = call void @compute_output_buffer_2d<array,array<ap_fixed<22,14,5,3,0>,6u>,config2>, i8 %input_layer_read, i132 %layer2_out, i8 %void_compute_output_buffer_2d_array_const_ap_shift_reg_n_chan_stream_weig_8, i8 %void_compute_output_buffer_2d_array_const_ap_shift_reg_n_chan_stream_weig_9, i8 %void_compute_output_buffer_2d_array_const_ap_shift_reg_n_chan_stream_weig_3, i8 %void_compute_output_buffer_2d_array_const_ap_shift_reg_n_chan_stream_weig_4, i8 %p_ZZN4nnet24compute_output_buffer_2dINS_5arrayI8ap_fixedILi8ELi4EL9ap_q_mode5EL9a_13, i8 %p_ZZN4nnet24compute_output_buffer_2dINS_5arrayI8ap_fixedILi8ELi4EL9ap_q_mode5EL9a_14, i8 %p_ZZN4nnet24compute_output_buffer_2dINS_5arrayI8ap_fixedILi8ELi4EL9ap_q_mode5EL9a_8, i8 %p_ZZN4nnet24compute_output_buffer_2dINS_5arrayI8ap_fixedILi8ELi4EL9ap_q_mode5EL9a_9, i8 %p_ZZN4nnet24compute_output_buffer_2dINS_5arrayI8ap_fixedILi8ELi4EL9ap_q_mode5EL9a_3, i8 %p_ZZN4nnet24compute_output_buffer_2dINS_5arrayI8ap_fixedILi8ELi4EL9ap_q_mode5EL9a_4, i8 %void_compute_output_buffer_2d_array_const_ap_shift_reg_n_chan_stream_weig_7, i8 %void_compute_output_buffer_2d_array_const_ap_shift_reg_n_chan_stream_weig_2, i8 %p_ZZN4nnet24compute_output_buffer_2dINS_5arrayI8ap_fixedILi8ELi4EL9ap_q_mode5EL9a_12, i8 %p_ZZN4nnet24compute_output_buffer_2dINS_5arrayI8ap_fixedILi8ELi4EL9ap_q_mode5EL9a_7, i8 %p_ZZN4nnet24compute_output_buffer_2dINS_5arrayI8ap_fixedILi8ELi4EL9ap_q_mode5EL9a_2, i8 %void_compute_output_buffer_2d_array_const_ap_shift_reg_n_chan_stream_weig_6, i8 %void_compute_output_buffer_2d_array_const_ap_shift_reg_n_chan_stream_weig_1, i8 %p_ZZN4nnet24compute_output_buffer_2dINS_5arrayI8ap_fixedILi8ELi4EL9ap_q_mode5EL9a_11, i8 %p_ZZN4nnet24compute_output_buffer_2dINS_5arrayI8ap_fixedILi8ELi4EL9ap_q_mode5EL9a_6, i8 %p_ZZN4nnet24compute_output_buffer_2dINS_5arrayI8ap_fixedILi8ELi4EL9ap_q_mode5EL9a_1, i8 %void_compute_output_buffer_2d_array_const_ap_shift_reg_n_chan_stream_weig_5, i8 %void_compute_output_buffer_2d_array_const_ap_shift_reg_n_chan_stream_weig, i8 %p_ZZN4nnet24compute_output_buffer_2dINS_5arrayI8ap_fixedILi8ELi4EL9ap_q_mode5EL9a_10, i8 %p_ZZN4nnet24compute_output_buffer_2dINS_5arrayI8ap_fixedILi8ELi4EL9ap_q_mode5EL9a_5, i8 %p_ZZN4nnet24compute_output_buffer_2dINS_5arrayI8ap_fixedILi8ELi4EL9ap_q_mode5EL9a, i8 %void_conv_2d_buffer_latency_cl_stream_stream_weight_t_bias_t_line_buffer_3, i8 %void_conv_2d_buffer_latency_cl_stream_stream_weight_t_bias_t_line_buffer_2, i8 %void_conv_2d_buffer_latency_cl_stream_stream_weight_t_bias_t_line_buffer_1, i8 %void_conv_2d_buffer_latency_cl_stream_stream_weight_t_bias_t_line_buffer, i32 %sX_2, i32 %sY_2, i32 %pY_2, i32 %pX_2" [firmware/nnet_utils/nnet_conv2d_stream.h:31->firmware/nnet_utils/nnet_conv2d_stream.h:75]   --->   Operation 20 'call' 'call_ln31' <Predicate = (!icmp_ln24)> <Delay = 0.00> <CoreType = "Generic">   --->   Core 0 '' <Latency = 0> <II = 1> <Delay = 1.00> <Generic> <Opcode : >

State 4 <SV = 3> <Delay = 0.00>
ST_4 : Operation 21 [2/4] (0.00ns)   --->   "%call_ln31 = call void @compute_output_buffer_2d<array,array<ap_fixed<22,14,5,3,0>,6u>,config2>, i8 %input_layer_read, i132 %layer2_out, i8 %void_compute_output_buffer_2d_array_const_ap_shift_reg_n_chan_stream_weig_8, i8 %void_compute_output_buffer_2d_array_const_ap_shift_reg_n_chan_stream_weig_9, i8 %void_compute_output_buffer_2d_array_const_ap_shift_reg_n_chan_stream_weig_3, i8 %void_compute_output_buffer_2d_array_const_ap_shift_reg_n_chan_stream_weig_4, i8 %p_ZZN4nnet24compute_output_buffer_2dINS_5arrayI8ap_fixedILi8ELi4EL9ap_q_mode5EL9a_13, i8 %p_ZZN4nnet24compute_output_buffer_2dINS_5arrayI8ap_fixedILi8ELi4EL9ap_q_mode5EL9a_14, i8 %p_ZZN4nnet24compute_output_buffer_2dINS_5arrayI8ap_fixedILi8ELi4EL9ap_q_mode5EL9a_8, i8 %p_ZZN4nnet24compute_output_buffer_2dINS_5arrayI8ap_fixedILi8ELi4EL9ap_q_mode5EL9a_9, i8 %p_ZZN4nnet24compute_output_buffer_2dINS_5arrayI8ap_fixedILi8ELi4EL9ap_q_mode5EL9a_3, i8 %p_ZZN4nnet24compute_output_buffer_2dINS_5arrayI8ap_fixedILi8ELi4EL9ap_q_mode5EL9a_4, i8 %void_compute_output_buffer_2d_array_const_ap_shift_reg_n_chan_stream_weig_7, i8 %void_compute_output_buffer_2d_array_const_ap_shift_reg_n_chan_stream_weig_2, i8 %p_ZZN4nnet24compute_output_buffer_2dINS_5arrayI8ap_fixedILi8ELi4EL9ap_q_mode5EL9a_12, i8 %p_ZZN4nnet24compute_output_buffer_2dINS_5arrayI8ap_fixedILi8ELi4EL9ap_q_mode5EL9a_7, i8 %p_ZZN4nnet24compute_output_buffer_2dINS_5arrayI8ap_fixedILi8ELi4EL9ap_q_mode5EL9a_2, i8 %void_compute_output_buffer_2d_array_const_ap_shift_reg_n_chan_stream_weig_6, i8 %void_compute_output_buffer_2d_array_const_ap_shift_reg_n_chan_stream_weig_1, i8 %p_ZZN4nnet24compute_output_buffer_2dINS_5arrayI8ap_fixedILi8ELi4EL9ap_q_mode5EL9a_11, i8 %p_ZZN4nnet24compute_output_buffer_2dINS_5arrayI8ap_fixedILi8ELi4EL9ap_q_mode5EL9a_6, i8 %p_ZZN4nnet24compute_output_buffer_2dINS_5arrayI8ap_fixedILi8ELi4EL9ap_q_mode5EL9a_1, i8 %void_compute_output_buffer_2d_array_const_ap_shift_reg_n_chan_stream_weig_5, i8 %void_compute_output_buffer_2d_array_const_ap_shift_reg_n_chan_stream_weig, i8 %p_ZZN4nnet24compute_output_buffer_2dINS_5arrayI8ap_fixedILi8ELi4EL9ap_q_mode5EL9a_10, i8 %p_ZZN4nnet24compute_output_buffer_2dINS_5arrayI8ap_fixedILi8ELi4EL9ap_q_mode5EL9a_5, i8 %p_ZZN4nnet24compute_output_buffer_2dINS_5arrayI8ap_fixedILi8ELi4EL9ap_q_mode5EL9a, i8 %void_conv_2d_buffer_latency_cl_stream_stream_weight_t_bias_t_line_buffer_3, i8 %void_conv_2d_buffer_latency_cl_stream_stream_weight_t_bias_t_line_buffer_2, i8 %void_conv_2d_buffer_latency_cl_stream_stream_weight_t_bias_t_line_buffer_1, i8 %void_conv_2d_buffer_latency_cl_stream_stream_weight_t_bias_t_line_buffer, i32 %sX_2, i32 %sY_2, i32 %pY_2, i32 %pX_2" [firmware/nnet_utils/nnet_conv2d_stream.h:31->firmware/nnet_utils/nnet_conv2d_stream.h:75]   --->   Operation 21 'call' 'call_ln31' <Predicate = (!icmp_ln24)> <Delay = 0.00> <CoreType = "Generic">   --->   Core 0 '' <Latency = 0> <II = 1> <Delay = 1.00> <Generic> <Opcode : >

State 5 <SV = 4> <Delay = 0.00>
ST_5 : Operation 22 [1/1] (0.00ns)   --->   "%specloopname_ln0 = specloopname void @_ssdm_op_SpecLoopName, void @ReadInputHeight_ReadInputWidth_str"   --->   Operation 22 'specloopname' 'specloopname_ln0' <Predicate = true> <Delay = 0.00>
ST_5 : Operation 23 [1/1] (0.00ns)   --->   "%speclooptripcount_ln0 = speclooptripcount void @_ssdm_op_SpecLoopTripCount, i64 784, i64 784, i64 784"   --->   Operation 23 'speclooptripcount' 'speclooptripcount_ln0' <Predicate = true> <Delay = 0.00>
ST_5 : Operation 24 [1/1] (0.00ns)   --->   "%specpipeline_ln28 = specpipeline void @_ssdm_op_SpecPipeline, i32 1, i32 0, i32 0, i32 0, void @empty_1" [firmware/nnet_utils/nnet_conv2d_stream.h:28->firmware/nnet_utils/nnet_conv2d_stream.h:75]   --->   Operation 24 'specpipeline' 'specpipeline_ln28' <Predicate = true> <Delay = 0.00>
ST_5 : Operation 25 [1/4] (0.00ns)   --->   "%call_ln31 = call void @compute_output_buffer_2d<array,array<ap_fixed<22,14,5,3,0>,6u>,config2>, i8 %input_layer_read, i132 %layer2_out, i8 %void_compute_output_buffer_2d_array_const_ap_shift_reg_n_chan_stream_weig_8, i8 %void_compute_output_buffer_2d_array_const_ap_shift_reg_n_chan_stream_weig_9, i8 %void_compute_output_buffer_2d_array_const_ap_shift_reg_n_chan_stream_weig_3, i8 %void_compute_output_buffer_2d_array_const_ap_shift_reg_n_chan_stream_weig_4, i8 %p_ZZN4nnet24compute_output_buffer_2dINS_5arrayI8ap_fixedILi8ELi4EL9ap_q_mode5EL9a_13, i8 %p_ZZN4nnet24compute_output_buffer_2dINS_5arrayI8ap_fixedILi8ELi4EL9ap_q_mode5EL9a_14, i8 %p_ZZN4nnet24compute_output_buffer_2dINS_5arrayI8ap_fixedILi8ELi4EL9ap_q_mode5EL9a_8, i8 %p_ZZN4nnet24compute_output_buffer_2dINS_5arrayI8ap_fixedILi8ELi4EL9ap_q_mode5EL9a_9, i8 %p_ZZN4nnet24compute_output_buffer_2dINS_5arrayI8ap_fixedILi8ELi4EL9ap_q_mode5EL9a_3, i8 %p_ZZN4nnet24compute_output_buffer_2dINS_5arrayI8ap_fixedILi8ELi4EL9ap_q_mode5EL9a_4, i8 %void_compute_output_buffer_2d_array_const_ap_shift_reg_n_chan_stream_weig_7, i8 %void_compute_output_buffer_2d_array_const_ap_shift_reg_n_chan_stream_weig_2, i8 %p_ZZN4nnet24compute_output_buffer_2dINS_5arrayI8ap_fixedILi8ELi4EL9ap_q_mode5EL9a_12, i8 %p_ZZN4nnet24compute_output_buffer_2dINS_5arrayI8ap_fixedILi8ELi4EL9ap_q_mode5EL9a_7, i8 %p_ZZN4nnet24compute_output_buffer_2dINS_5arrayI8ap_fixedILi8ELi4EL9ap_q_mode5EL9a_2, i8 %void_compute_output_buffer_2d_array_const_ap_shift_reg_n_chan_stream_weig_6, i8 %void_compute_output_buffer_2d_array_const_ap_shift_reg_n_chan_stream_weig_1, i8 %p_ZZN4nnet24compute_output_buffer_2dINS_5arrayI8ap_fixedILi8ELi4EL9ap_q_mode5EL9a_11, i8 %p_ZZN4nnet24compute_output_buffer_2dINS_5arrayI8ap_fixedILi8ELi4EL9ap_q_mode5EL9a_6, i8 %p_ZZN4nnet24compute_output_buffer_2dINS_5arrayI8ap_fixedILi8ELi4EL9ap_q_mode5EL9a_1, i8 %void_compute_output_buffer_2d_array_const_ap_shift_reg_n_chan_stream_weig_5, i8 %void_compute_output_buffer_2d_array_const_ap_shift_reg_n_chan_stream_weig, i8 %p_ZZN4nnet24compute_output_buffer_2dINS_5arrayI8ap_fixedILi8ELi4EL9ap_q_mode5EL9a_10, i8 %p_ZZN4nnet24compute_output_buffer_2dINS_5arrayI8ap_fixedILi8ELi4EL9ap_q_mode5EL9a_5, i8 %p_ZZN4nnet24compute_output_buffer_2dINS_5arrayI8ap_fixedILi8ELi4EL9ap_q_mode5EL9a, i8 %void_conv_2d_buffer_latency_cl_stream_stream_weight_t_bias_t_line_buffer_3, i8 %void_conv_2d_buffer_latency_cl_stream_stream_weight_t_bias_t_line_buffer_2, i8 %void_conv_2d_buffer_latency_cl_stream_stream_weight_t_bias_t_line_buffer_1, i8 %void_conv_2d_buffer_latency_cl_stream_stream_weight_t_bias_t_line_buffer, i32 %sX_2, i32 %sY_2, i32 %pY_2, i32 %pX_2" [firmware/nnet_utils/nnet_conv2d_stream.h:31->firmware/nnet_utils/nnet_conv2d_stream.h:75]   --->   Operation 25 'call' 'call_ln31' <Predicate = true> <Delay = 0.00> <CoreType = "Generic">   --->   Core 0 '' <Latency = 0> <II = 1> <Delay = 1.00> <Generic> <Opcode : >
ST_5 : Operation 26 [1/1] (0.00ns)   --->   "%br_ln26 = br void %for.body12.i" [firmware/nnet_utils/nnet_conv2d_stream.h:26->firmware/nnet_utils/nnet_conv2d_stream.h:75]   --->   Operation 26 'br' 'br_ln26' <Predicate = true> <Delay = 0.00>


============================================================
+ Verbose Summary: Timing violations
============================================================
Target clock period: 5.000ns, clock uncertainty: 1.350ns.

 <State 1>: 1.641ns
The critical path consists of the following:
	'store' operation 0 bit ('store_ln0') of constant 0 on local variable 'indvar_flatten' [39]  (0.427 ns)
	'load' operation 10 bit ('indvar_flatten_load', firmware/nnet_utils/nnet_conv2d_stream.h:24->firmware/nnet_utils/nnet_conv2d_stream.h:75) on local variable 'indvar_flatten' [42]  (0.000 ns)
	'icmp' operation 1 bit ('icmp_ln24', firmware/nnet_utils/nnet_conv2d_stream.h:24->firmware/nnet_utils/nnet_conv2d_stream.h:75) [43]  (0.787 ns)
	'store' operation 0 bit ('store_ln24', firmware/nnet_utils/nnet_conv2d_stream.h:24->firmware/nnet_utils/nnet_conv2d_stream.h:75) of variable 'add_ln24', firmware/nnet_utils/nnet_conv2d_stream.h:24->firmware/nnet_utils/nnet_conv2d_stream.h:75 on local variable 'indvar_flatten' [52]  (0.427 ns)

 <State 2>: 1.000ns
The critical path consists of the following:
	axis read operation ('input_layer_read', firmware/nnet_utils/nnet_conv2d_stream.h:31->firmware/nnet_utils/nnet_conv2d_stream.h:75) on port 'input_layer' (firmware/nnet_utils/nnet_conv2d_stream.h:31->firmware/nnet_utils/nnet_conv2d_stream.h:75) [50]  (1.000 ns)

 <State 3>: 0.000ns
The critical path consists of the following:

 <State 4>: 0.000ns
The critical path consists of the following:

 <State 5>: 0.000ns
The critical path consists of the following:


============================================================
+ Verbose Summary: Binding
============================================================
N/A
* FSMD analyzer results:
  - Output states:
 - Input state : 
  - Chain level:
	State 1
	State 2
	State 3
	State 4
	State 5


============================================================
+ Verbose Summary: Datapath Resource usage 
============================================================
N/A
